<?xml version="1.0" encoding="UTF-8" ?>
<!DOCTYPE configuration
  PUBLIC "-//mybatis.org//DTD Config 3.0//EN"
  "http://mybatis.org/dtd/mybatis-3-config.dtd">
 
<configuration>
<!-- 0.typealias -->
<typeAliases>
<typeAlias type="test2.TestVO" alias="vo"/>
</typeAliases>


<!-- 1. 드라이버, ip, port, 계정 암호 설정 -->
<environments default="mydb">

 <environment id="mydb">
  <transactionManager type="JDBC"/>
  <dataSource type="POOLED"> <!-- 일정 갯수 con pool 생성 -->
   <property name="driver" value="oracle.jdbc.driver.OracleDriver"/>
   <property name="url" value="jdbc:oracle:thin:@192.168.15.100:1521:xe"/>
   <property name="username" value="bong4"/>
   <property name="password" value="134"/>
  </dataSource>
 </environment>
</environments>

<!-- 2. 테이블 관련 sql 정의 매핑파일 설정  -->
<mappers>
 <mapper resource="test2/test-mapping.xml"/>
</mappers>

</configuration>
